<?xml version="1.0" encoding="UTF-8"?>
<testng-results skipped="0" failed="0" ignored="0" total="1" passed="1">
  <reporter-output>
  </reporter-output>
  <suite name="Default suite" duration-ms="7109" started-at="2023-07-25T07:15:27Z" finished-at="2023-07-25T07:15:34Z">
    <groups>
    </groups>
    <test name="Default test" duration-ms="7109" started-at="2023-07-25T07:15:27Z" finished-at="2023-07-25T07:15:34Z">
      <class name="com.parabank.testcases.LoginTest">
        <test-method status="PASS" signature="loginTest()[pri:0, instance:com.parabank.testcases.LoginTest@57fffcd7]" name="loginTest" duration-ms="7041" started-at="2023-07-25T07:15:27Z" finished-at="2023-07-25T07:15:34Z">
          <reporter-output>
          </reporter-output>
        </test-method> <!-- loginTest -->
      </class> <!-- com.parabank.testcases.LoginTest -->
    </test> <!-- Default test -->
  </suite> <!-- Default suite -->
</testng-results>
